[2026-02-13 08:57:51] info: Server running on port 5000
[2026-02-13 08:57:51] info: MongoDB connected successfully
[2026-02-13 08:57:51] info: Redis client connected successfully
[2026-02-13 09:24:39] info: Server running on port 5000
[2026-02-13 09:24:39] info: MongoDB connected successfully
[2026-02-13 09:24:39] info: Redis client connected successfully
[2026-02-13 09:45:22] info: Server running on port 5000
[2026-02-13 09:45:22] info: MongoDB connected successfully
[2026-02-13 09:45:23] info: Redis client connected successfully
[2026-02-13 09:57:19] info: Server running on port 5000
[2026-02-13 09:57:19] info: MongoDB connected successfully
[2026-02-13 09:57:19] info: Redis client connected successfully
[2026-02-13 09:59:25] info: Server running on port 5000
[2026-02-13 09:59:25] info: MongoDB connected successfully
[2026-02-13 09:59:26] info: Redis client connected successfully
[2026-02-13 10:02:25] info: Server running on port 5000
[2026-02-13 10:02:26] info: MongoDB connected successfully
[2026-02-13 10:02:26] info: Redis client connected successfully
[2026-02-13 10:12:20] info: Server running on port 5000
[2026-02-13 10:12:20] info: MongoDB connected successfully
[2026-02-13 10:12:20] info: Redis client connected successfully
[2026-02-13 10:31:14] info: Server running on port 5000
[2026-02-13 10:31:14] info: MongoDB connected successfully
[2026-02-13 10:31:14] info: Redis client connected successfully
[2026-02-13 10:33:14] info: Server running on port 5000
[2026-02-13 10:33:14] info: MongoDB connected successfully
[2026-02-13 10:33:14] info: Redis client connected successfully
[2026-02-13 10:33:33] info: Server running on port 5000
[2026-02-13 10:33:33] info: MongoDB connected successfully
[2026-02-13 10:33:33] info: Redis client connected successfully
[2026-02-13 10:34:14] info: Server running on port 5000
[2026-02-13 10:34:14] info: MongoDB connected successfully
[2026-02-13 10:34:14] info: Redis client connected successfully
[2026-02-13 10:35:20] info: Server running on port 5000
[2026-02-13 10:35:20] info: MongoDB connected successfully
[2026-02-13 10:35:20] info: Redis client connected successfully
[2026-02-13 10:36:36] info: Server running on port 5000
[2026-02-13 10:36:36] info: MongoDB connected successfully
[2026-02-13 10:36:36] info: Redis client connected successfully
[2026-02-13 10:40:19] info: Server running on port 5000
[2026-02-13 10:40:19] info: MongoDB connected successfully
[2026-02-13 10:40:20] info: Redis client connected successfully
[2026-02-13 10:41:51] info: Server running on port 5000
[2026-02-13 10:41:51] info: MongoDB connected successfully
[2026-02-13 10:41:51] info: Redis client connected successfully
[2026-02-13 10:59:34] error: Redis Client Error: Error: read ECONNRESET
[2026-02-13 10:59:35] info: Redis client connected successfully
[2026-02-13 11:06:40] info: Server running on port 5000
[2026-02-13 11:06:40] info: MongoDB connected successfully
[2026-02-13 11:06:41] info: Redis client connected successfully
[2026-02-13 11:24:02] info: Server running on port 5000
[2026-02-13 11:24:02] info: MongoDB connected successfully
[2026-02-13 11:24:05] info: Redis client connected successfully
[2026-02-13 11:35:41] info: Server running on port 5000
[2026-02-13 11:35:41] info: MongoDB connected successfully
[2026-02-13 11:35:41] info: Redis client connected successfully
[2026-02-13 11:37:10] info: Server running on port 5000
[2026-02-13 11:37:10] info: MongoDB connected successfully
[2026-02-13 11:37:11] info: Redis client connected successfully
[2026-02-13 11:37:54] info: Server running on port 5000
[2026-02-13 11:37:54] info: MongoDB connected successfully
[2026-02-13 11:37:54] info: Redis client connected successfully
[2026-02-13 11:44:30] info: Server running on port 5000
[2026-02-13 11:44:31] info: Redis client connected successfully
[2026-02-13 11:44:31] info: MongoDB connected successfully
[2026-02-13 11:52:34] info: Server running on port 5000
[2026-02-13 11:52:34] info: MongoDB connected successfully
[2026-02-13 11:52:34] info: Redis client connected successfully
[2026-02-13 11:59:18] info: Server running on port 5000
[2026-02-13 11:59:18] info: MongoDB connected successfully
[2026-02-13 11:59:19] info: Redis client connected successfully
[2026-02-13 12:08:07] info: Server running on port 5000
[2026-02-13 12:08:08] info: MongoDB connected successfully
[2026-02-13 12:08:08] info: Redis client connected successfully
[2026-02-13 12:11:59] info: Server running on port 5000
[2026-02-13 12:11:59] info: MongoDB connected successfully
[2026-02-13 12:12:00] info: Redis client connected successfully
[2026-02-13 12:14:29] info: Server running on port 5000
[2026-02-13 12:14:29] info: MongoDB connected successfully
[2026-02-13 12:14:29] info: Redis client connected successfully
[2026-02-13 12:20:25] info: Server running on port 5000
[2026-02-13 12:20:25] info: MongoDB connected successfully
[2026-02-13 12:20:26] info: Redis client connected successfully
[2026-02-13 12:22:07] info: Server running on port 5000
[2026-02-13 12:22:07] info: MongoDB connected successfully
[2026-02-13 12:22:07] info: Redis client connected successfully
[2026-02-13 12:28:13] info: Server running on port 5000
[2026-02-13 12:28:14] info: MongoDB connected successfully
[2026-02-13 12:28:14] info: Redis client connected successfully
[2026-02-13 12:28:30] info: Server running on port 5000
[2026-02-13 12:28:30] info: MongoDB connected successfully
[2026-02-13 12:28:30] info: Redis client connected successfully
[2026-02-13 12:35:57] info: Server running on port 5000
[2026-02-13 12:35:57] info: MongoDB connected successfully
[2026-02-13 12:35:57] info: Redis client connected successfully
[2026-02-13 12:38:28] info: Server running on port 5000
[2026-02-13 12:38:28] info: MongoDB connected successfully
[2026-02-13 12:38:29] info: Redis client connected successfully
[2026-02-13 12:38:43] info: Server running on port 5000
[2026-02-13 12:38:43] info: MongoDB connected successfully
[2026-02-13 12:38:43] info: Redis client connected successfully
[2026-02-13 12:38:56] info: Server running on port 5000
[2026-02-13 12:38:56] info: MongoDB connected successfully
[2026-02-13 12:38:56] info: Redis client connected successfully
[2026-02-13 12:39:36] info: Server running on port 5000
[2026-02-13 12:39:36] info: MongoDB connected successfully
[2026-02-13 12:39:36] info: Redis client connected successfully
[2026-02-13 12:42:13] info: Server running on port 5000
[2026-02-13 12:42:13] info: MongoDB connected successfully
[2026-02-13 12:42:14] info: Redis client connected successfully
[2026-02-13 12:44:55] info: Server running on port 5000
[2026-02-13 12:44:55] info: MongoDB connected successfully
[2026-02-13 12:44:55] info: Redis client connected successfully
[2026-02-13 12:47:34] info: Server running on port 5000
[2026-02-13 12:47:34] info: MongoDB connected successfully
[2026-02-13 12:47:34] info: Redis client connected successfully
[2026-02-13 12:47:51] info: Server running on port 5000
[2026-02-13 12:47:52] info: MongoDB connected successfully
[2026-02-13 12:47:52] info: Redis client connected successfully
[2026-02-13 12:58:25] info: Server running on port 5000
[2026-02-13 12:58:25] info: MongoDB connected successfully
[2026-02-13 12:58:25] info: Redis client connected successfully
[2026-02-13 13:00:26] info: Server running on port 5000
[2026-02-13 13:00:26] info: MongoDB connected successfully
[2026-02-13 13:00:26] info: Redis client connected successfully
[2026-02-13 13:02:44] info: Server running on port 5000
[2026-02-13 13:02:44] info: MongoDB connected successfully
[2026-02-13 13:02:44] info: Redis client connected successfully
[2026-02-13 13:04:36] info: Server running on port 5000
[2026-02-13 13:04:36] info: MongoDB connected successfully
[2026-02-13 13:04:36] info: Redis client connected successfully
[2026-02-13 13:06:43] info: Server running on port 5000
[2026-02-13 13:06:43] info: MongoDB connected successfully
[2026-02-13 13:06:43] info: Redis client connected successfully
[2026-02-13 13:09:10] info: Server running on port 5000
[2026-02-13 13:09:11] info: MongoDB connected successfully
[2026-02-13 13:09:11] info: Redis client connected successfully
[2026-02-13 13:09:43] info: Server running on port 5000
[2026-02-13 13:09:43] info: MongoDB connected successfully
[2026-02-13 13:09:43] info: Redis client connected successfully
[2026-02-13 13:12:01] info: Server running on port 5000
[2026-02-13 13:12:01] info: MongoDB connected successfully
[2026-02-13 13:12:01] info: Redis client connected successfully
[2026-02-13 13:14:52] info: Server running on port 5000
[2026-02-13 13:14:52] info: MongoDB connected successfully
[2026-02-13 13:14:53] info: Redis client connected successfully
[2026-02-13 13:15:58] info: Server running on port 5000
[2026-02-13 13:15:59] info: MongoDB connected successfully
[2026-02-13 13:15:59] info: Redis client connected successfully
[2026-02-13 13:21:03] info: Server running on port 5000
[2026-02-13 13:21:03] info: MongoDB connected successfully
[2026-02-13 13:21:03] info: Redis client connected successfully
[2026-02-13 13:24:37] info: Server running on port 5000
[2026-02-13 13:24:37] info: MongoDB connected successfully
[2026-02-13 13:24:38] info: Redis client connected successfully
[2026-02-13 13:25:59] info: Server running on port 5000
[2026-02-13 13:25:59] info: MongoDB connected successfully
[2026-02-13 13:25:59] info: Redis client connected successfully
[2026-02-13 14:06:27] error: Redis Client Error: Error: read ECONNRESET
[2026-02-13 14:06:29] error: Redis Client Error: Error: getaddrinfo ENOTFOUND redis-11106.c9.us-east-1-2.ec2.cloud.redislabs.com
[2026-02-13 14:06:30] error: Redis Client Error: Error: getaddrinfo ENOTFOUND redis-11106.c9.us-east-1-2.ec2.cloud.redislabs.com
[2026-02-13 14:06:30] error: Redis Client Error: Error: getaddrinfo ENOTFOUND redis-11106.c9.us-east-1-2.ec2.cloud.redislabs.com
[2026-02-13 14:06:32] error: Redis Client Error: Error: getaddrinfo ENOTFOUND redis-11106.c9.us-east-1-2.ec2.cloud.redislabs.com
[2026-02-13 14:06:33] error: Redis Client Error: Error: getaddrinfo ENOTFOUND redis-11106.c9.us-east-1-2.ec2.cloud.redislabs.com
[2026-02-13 14:06:36] error: Redis Client Error: Error: getaddrinfo ENOTFOUND redis-11106.c9.us-east-1-2.ec2.cloud.redislabs.com
[2026-02-13 14:06:41] info: Redis client connected successfully
[2026-02-13 14:07:47] info: Server running on port 5000
[2026-02-13 14:07:47] info: MongoDB connected successfully
[2026-02-13 14:07:47] info: Redis client connected successfully
[2026-02-13 14:09:15] info: Server running on port 5000
[2026-02-13 14:09:16] info: MongoDB connected successfully
[2026-02-13 14:09:16] info: Redis client connected successfully
[2026-02-13 14:11:27] info: Server running on port 5000
[2026-02-13 14:11:27] info: MongoDB connected successfully
[2026-02-13 14:11:27] info: Redis client connected successfully
[2026-02-13 14:13:49] info: Server running on port 5000
[2026-02-13 14:13:49] info: MongoDB connected successfully
[2026-02-13 14:13:50] info: Redis client connected successfully
[2026-02-13 14:18:16] info: Server running on port 5000
[2026-02-13 14:18:16] info: MongoDB connected successfully
[2026-02-13 14:18:17] info: Redis client connected successfully
[2026-02-13 14:21:18] info: Server running on port 5000
[2026-02-13 14:21:18] info: MongoDB connected successfully
[2026-02-13 14:21:18] info: Redis client connected successfully
[2026-02-13 14:24:12] info: Server running on port 5000
[2026-02-13 14:24:12] info: MongoDB connected successfully
[2026-02-13 14:24:12] info: Redis client connected successfully
[2026-02-13 14:24:37] info: Server running on port 5000
[2026-02-13 14:24:37] info: MongoDB connected successfully
[2026-02-13 14:24:38] info: Redis client connected successfully
[2026-02-13 14:27:18] info: Server running on port 5000
[2026-02-13 14:27:19] info: MongoDB connected successfully
[2026-02-13 14:27:19] info: Redis client connected successfully
[2026-02-13 14:35:41] info: Server running on port 5000
[2026-02-13 14:35:41] info: MongoDB connected successfully
[2026-02-13 14:35:41] info: Redis client connected successfully
[2026-02-13 14:35:53] info: Server running on port 5000
[2026-02-13 14:35:53] info: MongoDB connected successfully
[2026-02-13 14:35:53] info: Redis client connected successfully
[2026-02-13 14:38:58] info: Server running on port 5000
[2026-02-13 14:38:58] info: MongoDB connected successfully
[2026-02-13 14:38:59] info: Redis client connected successfully
[2026-02-13 14:40:59] info: Server running on port 5000
[2026-02-13 14:40:59] info: MongoDB connected successfully
[2026-02-13 14:41:00] info: Redis client connected successfully
[2026-02-13 14:53:11] info: Server running on port 5000
[2026-02-13 14:53:11] info: MongoDB connected successfully
[2026-02-13 14:53:11] info: Redis client connected successfully
[2026-02-13 14:57:54] info: Server running on port 5000
[2026-02-13 14:57:55] info: MongoDB connected successfully
[2026-02-13 14:57:55] info: Redis client connected successfully
[2026-02-13 15:05:26] info: Server running on port 5000
[2026-02-13 15:05:26] info: MongoDB connected successfully
[2026-02-13 15:05:26] info: Redis client connected successfully
[2026-02-13 15:13:58] info: Server running on port 5000
[2026-02-13 15:13:58] info: MongoDB connected successfully
[2026-02-13 15:13:58] info: Redis client connected successfully
[2026-02-13 15:15:47] info: Server running on port 5000
[2026-02-13 15:15:47] info: MongoDB connected successfully
[2026-02-13 15:15:47] info: Redis client connected successfully
[2026-02-13 15:16:43] info: Server running on port 5000
[2026-02-13 15:16:43] info: MongoDB connected successfully
[2026-02-13 15:16:43] info: Redis client connected successfully
[2026-02-13 15:18:48] info: Server running on port 5000
[2026-02-13 15:18:48] info: MongoDB connected successfully
[2026-02-13 15:18:49] info: Redis client connected successfully
[2026-02-13 15:19:19] info: Server running on port 5000
[2026-02-13 15:19:19] info: MongoDB connected successfully
[2026-02-13 15:19:20] info: Redis client connected successfully
[2026-02-13 15:20:00] info: Server running on port 5000
[2026-02-13 15:20:00] info: MongoDB connected successfully
[2026-02-13 15:20:00] info: Redis client connected successfully
[2026-02-13 15:20:37] info: Server running on port 5000
[2026-02-13 15:20:37] info: MongoDB connected successfully
[2026-02-13 15:20:38] info: Redis client connected successfully
[2026-02-13 15:21:37] info: Server running on port 5000
[2026-02-13 15:21:37] info: MongoDB connected successfully
[2026-02-13 15:21:37] info: Redis client connected successfully
[2026-02-13 15:23:10] info: Server running on port 5000
[2026-02-13 15:23:10] info: MongoDB connected successfully
[2026-02-13 15:23:10] info: Redis client connected successfully
[2026-02-13 15:25:55] info: Server running on port 5000
[2026-02-13 15:25:55] info: MongoDB connected successfully
[2026-02-13 15:25:55] info: Redis client connected successfully
[2026-02-13 15:27:47] info: Server running on port 5000
[2026-02-13 15:27:47] info: MongoDB connected successfully
[2026-02-13 15:27:47] info: Redis client connected successfully
[2026-02-13 15:28:04] info: Server running on port 5000
[2026-02-13 15:28:04] info: MongoDB connected successfully
[2026-02-13 15:28:05] info: Redis client connected successfully
[2026-02-13 15:29:07] info: Server running on port 5000
[2026-02-13 15:29:07] info: MongoDB connected successfully
[2026-02-13 15:29:07] info: Redis client connected successfully
[2026-02-13 15:47:31] info: Server running on port 5000
[2026-02-13 15:47:31] info: MongoDB connected successfully
[2026-02-13 15:47:31] info: Redis client connected successfully
[2026-02-13 15:48:19] info: Server running on port 5000
[2026-02-13 15:48:19] info: MongoDB connected successfully
[2026-02-13 15:48:19] info: Redis client connected successfully
[2026-02-13 15:50:34] info: Server running on port 5000
[2026-02-13 15:50:34] info: MongoDB connected successfully
[2026-02-13 15:50:35] info: Redis client connected successfully
[2026-02-13 15:51:09] info: Server running on port 5000
[2026-02-13 15:51:09] info: MongoDB connected successfully
[2026-02-13 15:51:10] info: Redis client connected successfully
[2026-02-13 15:52:32] info: Server running on port 5000
[2026-02-13 15:52:32] info: MongoDB connected successfully
[2026-02-13 15:52:32] info: Redis client connected successfully
[2026-02-13 15:52:50] info: Server running on port 5000
[2026-02-13 15:52:50] info: MongoDB connected successfully
[2026-02-13 15:52:50] info: Redis client connected successfully
[2026-02-13 15:55:29] info: Server running on port 5000
[2026-02-13 15:55:29] info: MongoDB connected successfully
[2026-02-13 15:55:29] info: Redis client connected successfully
[2026-02-13 15:56:37] info: Server running on port 5000
[2026-02-13 15:56:37] info: MongoDB connected successfully
[2026-02-13 15:56:37] info: Redis client connected successfully
[2026-02-13 16:04:10] info: Server running on port 5000
[2026-02-13 16:04:10] info: MongoDB connected successfully
[2026-02-13 16:04:10] info: Redis client connected successfully
[2026-02-13 16:07:11] info: Server running on port 5000
[2026-02-13 16:07:11] info: MongoDB connected successfully
[2026-02-13 16:07:11] info: Redis client connected successfully
[2026-02-13 16:14:05] info: Server running on port 5000
[2026-02-13 16:14:05] info: MongoDB connected successfully
[2026-02-13 16:14:05] info: Redis client connected successfully
