[2026-02-11 18:04:07] [32minfo[39m: Server running on port 5000
[2026-02-11 18:04:07] [32minfo[39m: MongoDB connected successfully
[2026-02-11 18:04:08] [32minfo[39m: Redis client connected successfully
[2026-02-11 18:37:48] [32minfo[39m: Server running on port 5000
[2026-02-11 18:37:48] [32minfo[39m: MongoDB connected successfully
[2026-02-11 18:37:49] [32minfo[39m: Redis client connected successfully
[2026-02-11 18:40:32] [32minfo[39m: Server running on port 5000
[2026-02-11 18:40:33] [32minfo[39m: MongoDB connected successfully
[2026-02-11 18:40:33] [32minfo[39m: Redis client connected successfully
[2026-02-11 18:55:54] [32minfo[39m: Server running on port 5000
[2026-02-11 18:55:54] [32minfo[39m: MongoDB connected successfully
[2026-02-11 18:55:54] [32minfo[39m: Redis client connected successfully
[2026-02-11 19:18:29] [32minfo[39m: Server running on port 5000
[2026-02-11 19:18:29] [32minfo[39m: MongoDB connected successfully
[2026-02-11 19:18:30] [32minfo[39m: Redis client connected successfully
[2026-02-11 19:28:14] [32minfo[39m: Server running on port 5000
[2026-02-11 19:28:14] [32minfo[39m: MongoDB connected successfully
[2026-02-11 19:28:14] [32minfo[39m: Redis client connected successfully
[2026-02-11 20:04:24] [32minfo[39m: Server running on port 5000
[2026-02-11 20:04:24] [32minfo[39m: MongoDB connected successfully
[2026-02-11 20:04:24] [32minfo[39m: Redis client connected successfully
[2026-02-11 20:05:40] [32minfo[39m: Server running on port 5000
[2026-02-11 20:05:40] [32minfo[39m: MongoDB connected successfully
[2026-02-11 20:05:41] [32minfo[39m: Redis client connected successfully
[2026-02-11 20:07:16] [32minfo[39m: Server running on port 5000
[2026-02-11 20:07:16] [32minfo[39m: MongoDB connected successfully
[2026-02-11 20:07:17] [32minfo[39m: Redis client connected successfully
[2026-02-11 20:07:57] [32minfo[39m: Server running on port 5000
[2026-02-11 20:07:58] [32minfo[39m: MongoDB connected successfully
[2026-02-11 20:07:58] [32minfo[39m: Redis client connected successfully
[2026-02-11 20:09:25] [32minfo[39m: Server running on port 5000
[2026-02-11 20:09:25] [32minfo[39m: MongoDB connected successfully
[2026-02-11 20:09:25] [32minfo[39m: Redis client connected successfully
[2026-02-11 20:34:10] [31merror[39m: Redis Client Error: Error: read ECONNRESET
[2026-02-11 20:34:14] [31merror[39m: Redis Client Error: Error: getaddrinfo ENOTFOUND redis-11106.c9.us-east-1-2.ec2.cloud.redislabs.com
[2026-02-11 20:34:15] [31merror[39m: Redis Client Error: Error: getaddrinfo ENOTFOUND redis-11106.c9.us-east-1-2.ec2.cloud.redislabs.com
[2026-02-11 20:34:19] [32minfo[39m: Redis client connected successfully
[2026-02-11 20:36:57] [32minfo[39m: Server running on port 5000
[2026-02-11 20:36:58] [32minfo[39m: MongoDB connected successfully
[2026-02-11 20:36:58] [32minfo[39m: Redis client connected successfully
[2026-02-11 20:37:12] [32minfo[39m: Server running on port 5000
[2026-02-11 20:37:12] [32minfo[39m: MongoDB connected successfully
[2026-02-11 20:37:12] [32minfo[39m: Redis client connected successfully
[2026-02-11 22:21:23] [32minfo[39m: Server running on port 5000
[2026-02-11 22:21:23] [32minfo[39m: MongoDB connected successfully
[2026-02-11 22:21:24] [32minfo[39m: Redis client connected successfully
[2026-02-11 22:28:36] [32minfo[39m: Server running on port 5000
[2026-02-11 22:28:36] [32minfo[39m: MongoDB connected successfully
[2026-02-11 22:28:36] [32minfo[39m: Redis client connected successfully
[2026-02-11 22:32:33] [32minfo[39m: Server running on port 5000
[2026-02-11 22:32:33] [32minfo[39m: MongoDB connected successfully
[2026-02-11 22:32:33] [32minfo[39m: Redis client connected successfully
[2026-02-11 22:37:18] [32minfo[39m: Server running on port 5000
[2026-02-11 22:37:18] [32minfo[39m: MongoDB connected successfully
[2026-02-11 22:37:18] [32minfo[39m: Redis client connected successfully
[2026-02-11 22:39:05] [32minfo[39m: Server running on port 5000
[2026-02-11 22:39:05] [32minfo[39m: MongoDB connected successfully
[2026-02-11 22:39:05] [32minfo[39m: Redis client connected successfully
[2026-02-11 22:40:11] [32minfo[39m: Server running on port 5000
[2026-02-11 22:40:11] [32minfo[39m: MongoDB connected successfully
[2026-02-11 22:40:12] [32minfo[39m: Redis client connected successfully
[2026-02-11 22:40:39] [32minfo[39m: Server running on port 5000
[2026-02-11 22:40:39] [32minfo[39m: MongoDB connected successfully
[2026-02-11 22:40:39] [32minfo[39m: Redis client connected successfully
[2026-02-11 22:46:59] [32minfo[39m: Server running on port 5000
[2026-02-11 22:46:59] [32minfo[39m: MongoDB connected successfully
[2026-02-11 22:46:59] [32minfo[39m: Redis client connected successfully
[2026-02-11 22:47:19] [32minfo[39m: Server running on port 5000
[2026-02-11 22:47:19] [32minfo[39m: MongoDB connected successfully
[2026-02-11 22:47:19] [32minfo[39m: Redis client connected successfully
[2026-02-11 22:50:21] [32minfo[39m: Server running on port 5000
[2026-02-11 22:50:21] [32minfo[39m: MongoDB connected successfully
[2026-02-11 22:50:21] [32minfo[39m: Redis client connected successfully
[2026-02-11 22:50:41] [32minfo[39m: Server running on port 5000
[2026-02-11 22:50:41] [32minfo[39m: MongoDB connected successfully
[2026-02-11 22:50:42] [32minfo[39m: Redis client connected successfully
[2026-02-11 22:51:16] [32minfo[39m: Server running on port 5000
[2026-02-11 22:51:16] [32minfo[39m: MongoDB connected successfully
[2026-02-11 22:51:17] [32minfo[39m: Redis client connected successfully
[2026-02-11 22:54:01] [32minfo[39m: Server running on port 5000
[2026-02-11 22:54:01] [32minfo[39m: MongoDB connected successfully
[2026-02-11 22:54:02] [32minfo[39m: Redis client connected successfully
[2026-02-11 22:54:25] [32minfo[39m: Server running on port 5000
[2026-02-11 22:54:25] [32minfo[39m: MongoDB connected successfully
[2026-02-11 22:54:25] [32minfo[39m: Redis client connected successfully
[2026-02-11 22:54:52] [32minfo[39m: Server running on port 5000
[2026-02-11 22:54:52] [32minfo[39m: MongoDB connected successfully
[2026-02-11 22:54:52] [32minfo[39m: Redis client connected successfully
[2026-02-11 22:55:06] [32minfo[39m: Server running on port 5000
[2026-02-11 22:55:06] [32minfo[39m: MongoDB connected successfully
[2026-02-11 22:55:08] [32minfo[39m: Redis client connected successfully
[2026-02-11 22:56:06] [32minfo[39m: Server running on port 5000
[2026-02-11 22:56:06] [32minfo[39m: MongoDB connected successfully
[2026-02-11 22:56:06] [32minfo[39m: Redis client connected successfully
[2026-02-11 22:56:40] [32minfo[39m: Server running on port 5000
[2026-02-11 22:56:40] [32minfo[39m: MongoDB connected successfully
[2026-02-11 22:56:41] [32minfo[39m: Redis client connected successfully
[2026-02-11 23:16:38] [32minfo[39m: Server running on port 5000
[2026-02-11 23:16:38] [32minfo[39m: MongoDB connected successfully
[2026-02-11 23:16:38] [32minfo[39m: Redis client connected successfully
[2026-02-11 23:42:29] [32minfo[39m: Server running on port 5000
[2026-02-11 23:42:29] [32minfo[39m: MongoDB connected successfully
[2026-02-11 23:42:30] [32minfo[39m: Redis client connected successfully
[2026-02-11 23:42:39] [32minfo[39m: Server running on port 5000
[2026-02-11 23:42:39] [32minfo[39m: MongoDB connected successfully
[2026-02-11 23:42:40] [32minfo[39m: Redis client connected successfully
[2026-02-11 23:42:51] [32minfo[39m: Server running on port 5000
[2026-02-11 23:42:51] [32minfo[39m: MongoDB connected successfully
[2026-02-11 23:42:51] [32minfo[39m: Redis client connected successfully
[2026-02-11 23:43:44] [32minfo[39m: Server running on port 5000
[2026-02-11 23:43:44] [32minfo[39m: MongoDB connected successfully
[2026-02-11 23:43:45] [32minfo[39m: Redis client connected successfully
[2026-02-11 23:45:35] [32minfo[39m: Server running on port 5000
[2026-02-11 23:45:35] [32minfo[39m: MongoDB connected successfully
[2026-02-11 23:45:35] [32minfo[39m: Redis client connected successfully
[2026-02-11 23:46:13] [32minfo[39m: Server running on port 5000
[2026-02-11 23:46:14] [32minfo[39m: MongoDB connected successfully
[2026-02-11 23:46:14] [32minfo[39m: Redis client connected successfully
[2026-02-11 23:48:18] [32minfo[39m: Server running on port 5000
[2026-02-11 23:48:18] [32minfo[39m: MongoDB connected successfully
[2026-02-11 23:48:18] [32minfo[39m: Redis client connected successfully
[2026-02-11 23:53:47] [32minfo[39m: Server running on port 5000
[2026-02-11 23:53:47] [32minfo[39m: MongoDB connected successfully
[2026-02-11 23:53:47] [32minfo[39m: Redis client connected successfully
[2026-02-11 23:54:06] [32minfo[39m: Server running on port 5000
[2026-02-11 23:54:06] [32minfo[39m: MongoDB connected successfully
[2026-02-11 23:54:06] [32minfo[39m: Redis client connected successfully
[2026-02-11 23:55:47] [32minfo[39m: Server running on port 5000
[2026-02-11 23:55:47] [32minfo[39m: MongoDB connected successfully
[2026-02-11 23:55:47] [32minfo[39m: Redis client connected successfully
[2026-02-11 23:58:35] [32minfo[39m: Server running on port 5000
[2026-02-11 23:58:35] [32minfo[39m: MongoDB connected successfully
[2026-02-11 23:58:35] [32minfo[39m: Redis client connected successfully
[2026-02-11 23:58:52] [32minfo[39m: Server running on port 5000
[2026-02-11 23:58:52] [32minfo[39m: MongoDB connected successfully
[2026-02-11 23:58:52] [32minfo[39m: Redis client connected successfully
[2026-02-12 00:02:15] [32minfo[39m: Server running on port 5000
[2026-02-12 00:02:15] [32minfo[39m: MongoDB connected successfully
[2026-02-12 00:02:16] [32minfo[39m: Redis client connected successfully
[2026-02-12 00:03:22] [32minfo[39m: Server running on port 5000
[2026-02-12 00:03:22] [32minfo[39m: MongoDB connected successfully
[2026-02-12 00:03:22] [32minfo[39m: Redis client connected successfully
[2026-02-12 00:03:58] [32minfo[39m: Server running on port 5000
[2026-02-12 00:03:58] [32minfo[39m: MongoDB connected successfully
[2026-02-12 00:03:58] [32minfo[39m: Redis client connected successfully
[2026-02-12 00:05:26] [32minfo[39m: Server running on port 5000
[2026-02-12 00:05:26] [32minfo[39m: MongoDB connected successfully
[2026-02-12 00:05:26] [32minfo[39m: Redis client connected successfully
[2026-02-12 00:07:44] [32minfo[39m: Server running on port 5000
[2026-02-12 00:07:44] [32minfo[39m: MongoDB connected successfully
[2026-02-12 00:07:44] [32minfo[39m: Redis client connected successfully
[2026-02-12 00:08:41] [32minfo[39m: Server running on port 5000
[2026-02-12 00:08:41] [32minfo[39m: MongoDB connected successfully
[2026-02-12 00:08:42] [32minfo[39m: Redis client connected successfully
[2026-02-12 00:10:07] [32minfo[39m: Server running on port 5000
[2026-02-12 00:10:07] [32minfo[39m: MongoDB connected successfully
[2026-02-12 00:10:07] [32minfo[39m: Redis client connected successfully
[2026-02-12 00:10:49] [32minfo[39m: Server running on port 5000
[2026-02-12 00:10:50] [32minfo[39m: MongoDB connected successfully
[2026-02-12 00:10:50] [32minfo[39m: Redis client connected successfully
[2026-02-12 00:11:52] [32minfo[39m: Server running on port 5000
[2026-02-12 00:11:52] [32minfo[39m: MongoDB connected successfully
[2026-02-12 00:11:52] [32minfo[39m: Redis client connected successfully
[2026-02-12 00:12:07] [32minfo[39m: Server running on port 5000
[2026-02-12 00:12:08] [32minfo[39m: MongoDB connected successfully
[2026-02-12 00:12:08] [32minfo[39m: Redis client connected successfully
[2026-02-12 00:12:21] [32minfo[39m: Server running on port 5000
[2026-02-12 00:12:21] [32minfo[39m: MongoDB connected successfully
[2026-02-12 00:12:21] [32minfo[39m: Redis client connected successfully
[2026-02-12 00:13:49] [32minfo[39m: Server running on port 5000
[2026-02-12 00:13:49] [32minfo[39m: MongoDB connected successfully
[2026-02-12 00:13:50] [32minfo[39m: Redis client connected successfully
[2026-02-12 00:14:49] [32minfo[39m: Server running on port 5000
[2026-02-12 00:14:49] [32minfo[39m: MongoDB connected successfully
[2026-02-12 00:14:49] [32minfo[39m: Redis client connected successfully
[2026-02-12 00:16:47] [32minfo[39m: Server running on port 5000
[2026-02-12 00:16:48] [32minfo[39m: MongoDB connected successfully
[2026-02-12 00:16:48] [32minfo[39m: Redis client connected successfully
[2026-02-12 00:18:48] [32minfo[39m: Server running on port 5000
[2026-02-12 00:18:48] [32minfo[39m: MongoDB connected successfully
[2026-02-12 00:18:49] [32minfo[39m: Redis client connected successfully
[2026-02-12 00:20:08] [32minfo[39m: Server running on port 5000
[2026-02-12 00:20:08] [32minfo[39m: MongoDB connected successfully
[2026-02-12 00:20:08] [32minfo[39m: Redis client connected successfully
[2026-02-12 00:20:37] [32minfo[39m: Server running on port 5000
[2026-02-12 00:20:37] [32minfo[39m: MongoDB connected successfully
[2026-02-12 00:20:37] [32minfo[39m: Redis client connected successfully
[2026-02-12 00:20:59] [32minfo[39m: Server running on port 5000
[2026-02-12 00:21:00] [32minfo[39m: MongoDB connected successfully
[2026-02-12 00:21:00] [32minfo[39m: Redis client connected successfully
